[2024-12-26 23:18:24] INFO: Database connection successful.
[2024-12-26 23:18:35] INFO: Database connection successful.
[2024-12-26 23:18:36] INFO: New user registered: sarsor with email sara@mail.com
[2024-12-26 23:18:36] INFO: Database connection successful.
[2024-12-26 23:19:59] INFO: Database connection successful.
[2024-12-26 23:19:59] INFO: Login successful: User 'sarsor' logged in. OTP generated.
[2024-12-26 23:20:05] INFO: JWT created successfully for user ID: 18
[2024-12-26 23:20:05] INFO: OTP verified. JWT created.
[2024-12-26 23:20:05] INFO: Database connection successful.
[2024-12-26 23:20:05] INFO: JWT validated successfully for user ID: 18
[2024-12-26 23:20:09] INFO: JWT validated successfully for user ID: 18
[2024-12-26 23:20:09] INFO: Database connection successful.
[2024-12-26 23:20:17] INFO: JWT validated successfully for user ID: 18
[2024-12-26 23:20:17] INFO: Database connection successful.
[2024-12-26 23:20:17] INFO: Database connection successful.
[2024-12-26 23:20:17] INFO: JWT validated successfully for user ID: 18
[2024-12-26 23:20:23] INFO: JWT validated successfully for user ID: 18
[2024-12-26 23:20:23] INFO: Database connection successful.
[2024-12-26 23:20:29] INFO: JWT validated successfully for user ID: 18
[2024-12-26 23:20:29] INFO: Database connection successful.
[2024-12-26 23:20:29] INFO: Database connection successful.
[2024-12-26 23:20:29] INFO: JWT validated successfully for user ID: 18
[2024-12-26 23:20:44] INFO: User with ID 18 logged out.
[2024-12-26 23:20:44] INFO: Database connection successful.
[2024-12-26 23:20:55] INFO: Database connection successful.
[2024-12-26 23:20:55] INFO: Login successful: User 'sarsor' logged in. OTP generated.
[2024-12-26 23:20:58] INFO: JWT created successfully for user ID: 18
[2024-12-26 23:20:58] INFO: OTP verified. JWT created.
[2024-12-26 23:20:58] INFO: Database connection successful.
[2024-12-26 23:20:58] INFO: JWT validated successfully for user ID: 18
[2024-12-26 23:21:07] INFO: User with ID 18 logged out.
[2024-12-26 23:21:07] INFO: Database connection successful.
[2024-12-26 23:21:31] INFO: Database connection successful.
[2024-12-26 23:21:32] INFO: Database connection successful.
[2024-12-26 23:21:37] INFO: Database connection successful.
[2024-12-26 23:21:37] INFO: Login successful: User 'yehia' logged in. OTP generated.
[2024-12-26 23:21:39] INFO: JWT created successfully for user ID: 16
[2024-12-26 23:21:39] INFO: OTP verified. JWT created.
[2024-12-26 23:21:39] INFO: Database connection successful.
[2024-12-26 23:21:39] INFO: JWT validated successfully for user ID: 16
[2024-12-26 23:21:43] INFO: JWT validated successfully for user ID: 16
[2024-12-26 23:21:43] INFO: Database connection successful.
[2024-12-26 23:21:43] INFO: Database connection successful.
[2024-12-26 23:21:43] INFO: JWT validated successfully for user ID: 16
[2024-12-26 23:21:45] INFO: JWT validated successfully for user ID: 16
[2024-12-26 23:21:45] INFO: Database connection successful.
[2024-12-26 23:21:45] INFO: Database connection successful.
[2024-12-26 23:21:45] INFO: JWT validated successfully for user ID: 16
[2024-12-26 23:21:45] INFO: JWT validated successfully for user ID: 16
[2024-12-26 23:21:45] INFO: Database connection successful.
[2024-12-26 23:21:57] INFO: JWT validated successfully for user ID: 16
[2024-12-26 23:21:57] INFO: Database connection successful.
[2024-12-26 23:21:57] INFO: Database connection successful.
[2024-12-26 23:21:57] INFO: JWT validated successfully for user ID: 16
[2024-12-26 23:22:15] INFO: User with ID 16 logged out.
[2024-12-26 23:22:15] INFO: Database connection successful.
[2024-12-26 23:22:20] INFO: Database connection successful.
[2024-12-26 23:22:24] INFO: Database connection successful.
[2024-12-26 23:22:24] INFO: Login successful: User 'yehia' logged in. OTP generated.
[2024-12-26 23:22:27] INFO: JWT created successfully for user ID: 16
[2024-12-26 23:22:27] INFO: OTP verified. JWT created.
[2024-12-26 23:22:28] INFO: Database connection successful.
[2024-12-26 23:22:28] INFO: JWT validated successfully for user ID: 16
[2024-12-26 23:22:31] INFO: Database connection successful.
[2024-12-26 23:22:31] INFO: JWT validated successfully for user ID: 16
[2024-12-26 23:22:33] INFO: Database connection successful.
[2024-12-26 23:22:33] INFO: JWT validated successfully for user ID: 16
[2024-12-26 23:23:22] INFO: Database connection successful.
[2024-12-26 23:23:22] INFO: JWT validated successfully for user ID: 16
[2024-12-26 23:23:27] INFO: Database connection successful.
[2024-12-26 23:23:27] INFO: JWT validated successfully for user ID: 16
[2024-12-26 23:23:28] INFO: Database connection successful.
[2024-12-26 23:23:28] INFO: JWT validated successfully for user ID: 16
[2024-12-26 23:23:38] INFO: Database connection successful.
[2024-12-26 23:23:38] INFO: JWT validated successfully for user ID: 16
[2024-12-26 23:24:29] INFO: Database connection successful.
[2024-12-26 23:24:29] INFO: JWT validated successfully for user ID: 16
[2024-12-26 23:25:15] INFO: Database connection successful.
[2024-12-26 23:25:15] INFO: JWT validated successfully for user ID: 16
[2024-12-26 23:25:16] INFO: Database connection successful.
[2024-12-26 23:25:16] INFO: JWT validated successfully for user ID: 16
[2024-12-26 23:25:16] INFO: Database connection successful.
[2024-12-26 23:25:16] INFO: JWT validated successfully for user ID: 16
[2024-12-26 23:26:21] INFO: Database connection successful.
[2024-12-26 23:26:21] INFO: JWT validated successfully for user ID: 16
[2024-12-26 23:26:39] INFO: Database connection successful.
[2024-12-26 23:26:39] INFO: JWT validated successfully for user ID: 16
[2024-12-26 23:26:58] INFO: Database connection successful.
[2024-12-26 23:26:58] INFO: JWT validated successfully for user ID: 16
[2024-12-26 23:27:11] INFO: Database connection successful.
